<?xml version="1.0" encoding="UTF-8"?>
<!-- Generated by org.testng.reporters.JUnitXMLReporter -->
<testsuite ignored="0" hostname="DESKTOP-33SIMU9" failures="1" tests="9" name="OrangeHRM Automation Test" time="65.184" errors="0" timestamp="2021-07-31T15:28:47 CDT">
  <testcase classname="com.orangehrm.qa.test.LoginpPageTest" name="Verifyloginpannel" time="0.162"/>
  <testcase classname="com.orangehrm.qa.test.LoginpPageTest" name="Verifylogin" time="1.73"/>
  <testcase classname="com.orangehrm.qa.test.HomePageTest" name="VerifyAdminLinkTest" time="1.299"/>
  <testcase classname="com.orangehrm.qa.test.HomePageTest" name="VerifyPimLinkTest" time="0.965"/>
  <testcase classname="com.orangehrm.qa.test.HomePageTest" name="VerifyloginLableDisplayed" time="0.09"/>
  <testcase classname="com.orangehrm.qa.test.SystemUserPageTest" name="addUserDetailsTest" time="0.584"/>
  <testcase classname="com.orangehrm.qa.test.SystemUserPageTest" name="deleteUserByUsernameTest" time="1.801">
    <failure type="java.lang.AssertionError" message="User you are trying to delete is not deleted expected [true] but found [false]">
      <![CDATA[java.lang.AssertionError: User you are trying to delete is not deleted expected [true] but found [false]
at com.orangehrm.qa.test.SystemUserPageTest.deleteUserByUsernameTest(SystemUserPageTest.java:56)
at java.base/java.util.ArrayList.forEach(ArrayList.java:1541)
... Removed 30 stack frames]]>
    </failure>
  </testcase> <!-- deleteUserByUsernameTest -->
  <testcase classname="com.orangehrm.qa.test.SystemUserPageTest" name="resetUserDetailsTest" time="1.115"/>
  <testcase classname="com.orangehrm.qa.test.SystemUserPageTest" name="searchUserDetailsTest" time="1.039"/>
</testsuite> <!-- OrangeHRM Automation Test -->
