<?xml version="1.0" encoding="UTF-8"?>
<testng-results ignored="0" total="1" passed="1" failed="0" skipped="0">
  <reporter-output>
  </reporter-output>
  <suite started-at="2021-08-01T17:12:09 CDT" name="Default suite" finished-at="2021-08-01T17:12:19 CDT" duration-ms="10075">
    <groups>
    </groups>
    <test started-at="2021-08-01T17:12:09 CDT" name="Default test" finished-at="2021-08-01T17:12:19 CDT" duration-ms="10075">
      <class name="com.orangehrm.qa.test.addUserPageTest">
        <test-method is-config="true" signature="setup()[pri:0, instance:com.orangehrm.qa.test.addUserPageTest@729d991e]" started-at="2021-08-01T17:12:09 CDT" name="setup" finished-at="2021-08-01T17:12:15 CDT" duration-ms="5432" status="PASS">
          <reporter-output>
          </reporter-output>
        </test-method> <!-- setup -->
        <test-method is-config="true" signature="addUsersetup()[pri:0, instance:com.orangehrm.qa.test.addUserPageTest@729d991e]" started-at="2021-08-01T17:12:15 CDT" name="addUsersetup" finished-at="2021-08-01T17:12:18 CDT" duration-ms="3469" status="PASS">
          <reporter-output>
          </reporter-output>
        </test-method> <!-- addUsersetup -->
        <test-method signature="passwordlengthErrorMessageTest()[pri:0, instance:com.orangehrm.qa.test.addUserPageTest@729d991e]" started-at="2021-08-01T17:12:18 CDT" name="passwordlengthErrorMessageTest" finished-at="2021-08-01T17:12:18 CDT" duration-ms="317" status="PASS">
          <reporter-output>
          </reporter-output>
        </test-method> <!-- passwordlengthErrorMessageTest -->
        <test-method is-config="true" signature="teardown()[pri:0, instance:com.orangehrm.qa.test.addUserPageTest@729d991e]" started-at="2021-08-01T17:12:18 CDT" name="teardown" finished-at="2021-08-01T17:12:19 CDT" duration-ms="801" status="PASS">
          <reporter-output>
          </reporter-output>
        </test-method> <!-- teardown -->
      </class> <!-- com.orangehrm.qa.test.addUserPageTest -->
    </test> <!-- Default test -->
  </suite> <!-- Default suite -->
</testng-results>
